Error in foo.cr:12: instantiating 'Foo#to_s()'

puts Foo.new("hello world").to_s
                            ^~~~

in .../src/object.cr:95: instantiating 'String.class#build()'

    String.build do |io|
           ^~~~~

in .../src/string.cr:268: instantiating 'String::Builder.class#build(Int32)'

    String::Builder.build(capacity) do |builder|
                    ^~~~~

in .../src/string.cr:268: instantiating 'String::Builder.class#build(Int32)'

    String::Builder.build(capacity) do |builder|
                    ^~~~~

in .../src/object.cr:95: instantiating 'String.class#build()'

    String.build do |io|
           ^~~~~

in .../src/object.cr:96: instantiating 'to_s(String::Builder)'

      to_s io
      ^~~~

in foo.ecr:6: undefined local variable or method 'tilte'

    <h1><%= tilte %></h1>
            ^~~~~
